<?xml version="1.0" encoding="utf-8"?><testsuites name="pytest tests"><testsuite name="pytest" errors="0" failures="0" skipped="11" tests="24" time="30.236" timestamp="2026-04-18T11:46:37.379403+00:00" hostname="agent-env-16b4546d-7e16-4470-b809-ce40f9e1fdeb"><testcase classname="backend.tests.test_tcd_tickets_api.TestHealthAndBasicEndpoints" name="test_events_endpoint_returns_200" time="0.304" /><testcase classname="backend.tests.test_tcd_tickets_api.TestHealthAndBasicEndpoints" name="test_societies_endpoint_returns_200" time="0.140" /><testcase classname="backend.tests.test_tcd_tickets_api.TestHealthAndBasicEndpoints" name="test_search_endpoint_returns_200" time="0.133" /><testcase classname="backend.tests.test_tcd_tickets_api.TestAuthentication" name="test_login_customer_success" time="2.131"><skipped type="pytest.skip" message="Rate limited - skipping test">/app/backend/tests/test_tcd_tickets_api.py:61: Rate limited - skipping test</skipped></testcase><testcase classname="backend.tests.test_tcd_tickets_api.TestAuthentication" name="test_login_organiser_success" time="2.138"><skipped type="pytest.skip" message="Rate limited - skipping test">/app/backend/tests/test_tcd_tickets_api.py:78: Rate limited - skipping test</skipped></testcase><testcase classname="backend.tests.test_tcd_tickets_api.TestAuthentication" name="test_login_admin_success" time="2.152"><skipped type="pytest.skip" message="Rate limited - skipping test">/app/backend/tests/test_tcd_tickets_api.py:93: Rate limited - skipping test</skipped></testcase><testcase classname="backend.tests.test_tcd_tickets_api.TestAuthentication" name="test_login_invalid_credentials" time="2.143"><skipped type="pytest.skip" message="Rate limited - skipping test">/app/backend/tests/test_tcd_tickets_api.py:108: Rate limited - skipping test</skipped></testcase><testcase classname="backend.tests.test_tcd_tickets_api.TestAuthentication" name="test_signup_duplicate_email" time="2.153" /><testcase classname="backend.tests.test_tcd_tickets_api.TestEvents" name="test_get_events_list" time="0.146" /><testcase classname="backend.tests.test_tcd_tickets_api.TestEvents" name="test_get_single_event" time="0.314" /><testcase classname="backend.tests.test_tcd_tickets_api.TestEvents" name="test_search_events_by_category" time="0.140" /><testcase classname="backend.tests.test_tcd_tickets_api.TestCoupons" name="test_validate_student20_coupon" time="0.161" /><testcase classname="backend.tests.test_tcd_tickets_api.TestCoupons" name="test_validate_trinity10_coupon" time="0.130" /><testcase classname="backend.tests.test_tcd_tickets_api.TestCoupons" name="test_validate_invalid_coupon" time="0.131" /><testcase classname="backend.tests.test_tcd_tickets_api.TestSocieties" name="test_get_societies_list" time="0.160" /><testcase classname="backend.tests.test_tcd_tickets_api.TestSocieties" name="test_get_society_leaderboard" time="0.149" /><testcase classname="backend.tests.test_tcd_tickets_api.TestBookings" name="test_create_booking" time="2.127"><skipped type="pytest.skip" message="Could not get customer user (rate limited)">/app/backend/tests/test_tcd_tickets_api.py:277: Could not get customer user (rate limited)</skipped></testcase><testcase classname="backend.tests.test_tcd_tickets_api.TestBookings" name="test_get_user_tickets" time="2.127"><skipped type="pytest.skip" message="Could not get customer user (rate limited)">/app/backend/tests/test_tcd_tickets_api.py:309: Could not get customer user (rate limited)</skipped></testcase><testcase classname="backend.tests.test_tcd_tickets_api.TestOrganiserDashboard" name="test_organiser_analytics" time="2.152"><skipped type="pytest.skip" message="Could not get organiser user (rate limited)">/app/backend/tests/test_tcd_tickets_api.py:338: Could not get organiser user (rate limited)</skipped></testcase><testcase classname="backend.tests.test_tcd_tickets_api.TestOrganiserDashboard" name="test_organiser_societies" time="2.133"><skipped type="pytest.skip" message="Could not get organiser user (rate limited)">/app/backend/tests/test_tcd_tickets_api.py:351: Could not get organiser user (rate limited)</skipped></testcase><testcase classname="backend.tests.test_tcd_tickets_api.TestAdminPanel" name="test_admin_stats" time="2.136"><skipped type="pytest.skip" message="Could not get admin user (rate limited)">/app/backend/tests/test_tcd_tickets_api.py:380: Could not get admin user (rate limited)</skipped></testcase><testcase classname="backend.tests.test_tcd_tickets_api.TestAdminPanel" name="test_admin_users_list" time="2.152"><skipped type="pytest.skip" message="Could not get admin user (rate limited)">/app/backend/tests/test_tcd_tickets_api.py:398: Could not get admin user (rate limited)</skipped></testcase><testcase classname="backend.tests.test_tcd_tickets_api.TestAdminPanel" name="test_admin_events_list" time="2.134"><skipped type="pytest.skip" message="Could not get admin user (rate limited)">/app/backend/tests/test_tcd_tickets_api.py:412: Could not get admin user (rate limited)</skipped></testcase><testcase classname="backend.tests.test_tcd_tickets_api.TestPaymentIntent" name="test_create_payment_intent" time="2.552" /></testsuite></testsuites>